SF:lib/model/task_details.dart
DA:11,4
DA:22,0
DA:23,0
DA:24,0
DA:25,0
DA:26,0
DA:27,0
DA:28,0
DA:29,0
DA:30,0
DA:31,0
LF:11
LH:1
end_of_record
SF:lib/model/task_category.dart
DA:6,3
DA:8,1
DA:10,1
LF:3
LH:3
end_of_record
SF:lib/pages/task_details_page.dart
DA:6,1
DA:8,1
DA:11,2
DA:12,2
DA:14,1
DA:15,1
DA:18,1
DA:20,1
DA:21,1
DA:30,1
DA:31,1
DA:33,1
DA:35,1
DA:36,1
DA:37,2
DA:41,1
DA:42,3
DA:46,1
DA:47,1
DA:50,1
DA:51,9
DA:62,1
DA:63,2
DA:72,1
DA:73,2
LF:25
LH:25
end_of_record
SF:lib/pages/calendar_page.dart
DA:12,1
DA:14,1
DA:15,1
DA:22,1
DA:24,1
DA:26,3
DA:28,1
DA:29,1
DA:32,1
DA:33,1
DA:34,0
DA:35,0
DA:37,1
DA:39,1
DA:43,1
DA:44,1
DA:46,1
DA:47,1
DA:48,1
DA:49,1
DA:50,3
DA:51,0
DA:52,0
DA:53,0
DA:54,0
DA:58,1
DA:60,1
DA:61,1
DA:62,1
DA:65,1
DA:69,1
DA:70,1
DA:71,2
DA:72,1
DA:73,1
DA:75,1
DA:76,1
DA:77,1
DA:78,1
DA:79,1
LF:40
LH:34
end_of_record
SF:lib/pages/home_page.dart
DA:20,0
DA:22,0
DA:23,0
DA:29,0
DA:31,0
DA:32,0
DA:33,0
DA:34,0
DA:36,0
DA:37,0
DA:38,0
DA:39,0
DA:40,0
DA:43,0
DA:44,0
DA:45,0
DA:46,0
DA:47,0
DA:49,0
DA:50,0
DA:51,0
DA:54,0
DA:55,0
DA:57,0
DA:58,0
DA:60,0
DA:69,0
DA:70,0
DA:71,0
DA:73,0
DA:75,0
DA:77,0
DA:81,0
DA:85,0
DA:88,0
DA:93,0
DA:94,0
DA:95,0
DA:96,0
DA:97,0
DA:99,0
DA:106,0
DA:107,0
DA:108,0
DA:109,0
DA:110,0
DA:111,0
DA:112,0
DA:113,0
DA:118,0
DA:119,0
DA:120,0
DA:121,0
DA:122,0
DA:132,0
DA:141,0
DA:143,0
DA:144,0
DA:147,0
DA:149,0
DA:150,0
DA:151,0
DA:152,0
LF:63
LH:0
end_of_record
SF:lib/provider/task_provider.dart
DA:54,0
DA:55,0
DA:59,2
DA:62,4
DA:65,0
DA:66,0
DA:67,0
DA:70,0
DA:71,0
DA:72,0
DA:75,0
DA:76,0
DA:80,2
DA:81,2
DA:82,6
DA:90,4
DA:91,2
DA:95,0
DA:96,0
DA:97,0
DA:98,0
DA:99,0
DA:104,0
DA:105,0
DA:106,0
DA:110,0
DA:111,0
DA:112,0
DA:115,0
DA:116,0
DA:117,0
DA:118,0
DA:119,0
DA:120,0
DA:123,0
DA:124,0
DA:125,0
DA:128,0
DA:129,0
DA:130,0
DA:131,0
DA:132,0
DA:136,1
DA:137,3
DA:138,4
DA:139,4
DA:140,4
DA:141,1
LF:48
LH:13
end_of_record
SF:lib/widgets/task_item_card.dart
DA:9,1
DA:11,1
DA:12,1
DA:16,1
DA:19,3
DA:20,5
DA:21,1
DA:22,1
DA:23,0
DA:24,0
DA:26,0
DA:27,0
DA:31,1
DA:34,1
DA:35,1
DA:36,1
DA:38,1
DA:40,1
DA:41,1
DA:43,1
DA:44,1
DA:45,3
DA:49,1
DA:50,1
DA:53,1
DA:54,9
DA:55,2
DA:61,1
DA:62,3
DA:63,0
DA:65,0
DA:66,0
LF:32
LH:25
end_of_record
SF:lib/pages/create_task_page.dart
DA:8,1
DA:10,1
DA:11,1
DA:24,1
DA:25,1
DA:26,1
DA:27,1
DA:28,1
DA:29,1
DA:31,2
DA:32,2
DA:33,1
DA:38,1
DA:39,1
DA:40,1
DA:41,1
DA:44,2
DA:46,1
DA:48,0
DA:54,1
DA:56,1
DA:58,1
DA:59,1
DA:60,1
DA:62,1
DA:63,1
DA:64,0
DA:65,0
DA:68,1
DA:70,1
DA:77,1
DA:78,1
DA:79,1
DA:81,1
DA:83,1
DA:84,1
DA:86,1
DA:91,1
DA:92,1
DA:96,1
DA:98,1
DA:100,2
DA:101,1
DA:103,1
DA:106,1
DA:109,1
DA:111,1
DA:112,1
DA:113,1
DA:118,1
DA:120,1
DA:121,1
DA:123,1
DA:128,1
DA:129,1
DA:130,1
DA:131,1
DA:133,1
DA:134,6
DA:135,1
DA:139,1
DA:140,1
DA:141,1
DA:142,1
DA:143,1
DA:144,2
DA:145,1
DA:147,1
DA:148,2
DA:154,1
DA:155,1
DA:156,1
DA:157,0
DA:158,1
DA:160,1
DA:161,0
DA:169,1
DA:170,1
DA:171,1
DA:172,1
DA:173,1
DA:174,1
DA:175,1
DA:176,1
DA:178,0
DA:185,1
DA:186,1
DA:187,1
DA:188,1
DA:190,3
DA:191,1
DA:192,1
DA:193,1
DA:194,0
DA:195,0
DA:197,0
DA:201,1
DA:202,2
DA:203,1
DA:204,2
DA:206,1
DA:207,2
DA:208,2
DA:209,2
DA:210,2
DA:211,2
DA:212,1
DA:213,0
DA:214,0
DA:215,0
DA:216,0
DA:217,0
DA:218,0
DA:221,2
DA:222,2
DA:224,1
DA:227,1
DA:228,1
DA:231,1
DA:232,1
DA:235,1
DA:237,1
DA:253,1
DA:255,5
DA:256,1
DA:257,1
DA:258,1
DA:260,1
DA:261,2
DA:262,1
DA:265,2
DA:266,2
DA:267,1
DA:271,1
DA:278,1
DA:280,1
DA:281,1
DA:282,1
DA:283,1
DA:286,1
DA:289,1
DA:290,1
DA:293,1
DA:295,1
DA:297,1
DA:298,1
DA:299,1
DA:308,1
DA:313,1
DA:315,1
DA:316,1
DA:317,1
DA:318,1
DA:321,1
DA:324,1
DA:325,1
DA:326,1
DA:327,1
DA:328,1
DA:329,1
DA:331,1
DA:332,1
DA:333,1
DA:334,1
DA:335,1
DA:337,1
DA:339,1
LF:167
LH:152
end_of_record
SF:lib/pages/profile_page.dart
DA:4,0
DA:6,0
DA:8,0
DA:9,0
DA:11,0
DA:13,0
DA:15,0
DA:19,0
DA:20,0
DA:22,0
DA:24,0
DA:25,0
DA:27,0
DA:28,0
DA:30,0
DA:37,0
DA:38,0
DA:39,0
DA:42,0
DA:44,0
DA:45,0
DA:46,0
DA:47,0
DA:48,0
DA:49,0
DA:50,0
DA:51,0
DA:56,0
DA:57,0
DA:59,0
DA:60,0
DA:61,0
DA:64,0
DA:73,0
DA:74,0
DA:75,0
DA:76,0
DA:78,0
DA:80,0
DA:81,0
DA:83,0
LF:41
LH:0
end_of_record
SF:lib/widgets/expandable_fab.dart
DA:7,0
DA:18,0
DA:19,0
DA:28,0
DA:30,0
DA:31,0
DA:32,0
DA:33,0
DA:37,0
DA:40,0
DA:43,0
DA:45,0
DA:46,0
DA:48,0
DA:49,0
DA:50,0
DA:51,0
DA:52,0
DA:54,0
DA:59,0
DA:61,0
DA:62,0
DA:65,0
DA:66,0
DA:67,0
DA:68,0
DA:74,0
DA:75,0
DA:78,0
DA:79,0
DA:83,0
DA:84,0
DA:85,0
DA:87,0
DA:89,0
DA:98,0
DA:99,0
DA:100,0
DA:101,0
DA:103,0
DA:104,0
DA:105,0
DA:110,0
DA:111,0
DA:114,0
DA:115,0
DA:123,0
DA:124,0
DA:125,0
DA:126,0
DA:127,0
DA:128,0
DA:129,0
DA:130,0
DA:131,0
DA:132,0
DA:143,0
DA:153,0
DA:155,0
DA:156,0
DA:157,0
DA:158,0
DA:159,0
DA:160,0
DA:162,0
DA:163,0
DA:164,0
DA:165,0
DA:166,0
DA:171,0
DA:172,0
DA:173,0
LF:72
LH:0
end_of_record
SF:lib/widgets/header.dart
DA:8,0
DA:10,0
DA:12,0
DA:14,0
DA:16,0
DA:18,0
DA:19,0
LF:7
LH:0
end_of_record
SF:lib/widgets/ongoing_task_section.dart
DA:8,0
DA:10,0
DA:12,0
DA:13,0
DA:14,0
DA:16,0
DA:18,0
DA:19,0
DA:21,0
DA:26,0
DA:27,0
DA:28,0
DA:29,0
DA:31,0
DA:32,0
DA:42,0
DA:43,0
LF:17
LH:0
end_of_record
SF:lib/widgets/upcoming_task_section.dart
DA:8,0
DA:10,0
DA:12,0
DA:13,0
DA:14,0
DA:16,0
DA:18,0
DA:20,0
DA:22,0
DA:27,0
DA:28,0
DA:29,0
DA:30,0
DA:32,0
DA:33,0
DA:44,0
DA:45,0
LF:17
LH:0
end_of_record
SF:lib/widgets/task_categories_section.dart
DA:10,0
DA:12,0
DA:14,0
DA:16,0
DA:18,0
DA:21,0
DA:24,0
DA:25,0
DA:27,0
DA:29,0
LF:10
LH:0
end_of_record
SF:lib/widgets/task_list_section.dart
DA:10,0
DA:17,0
DA:19,0
DA:20,0
DA:21,0
DA:23,0
DA:24,0
DA:25,0
DA:28,0
DA:29,0
DA:30,0
DA:31,0
DA:38,0
DA:39,0
LF:14
LH:0
end_of_record
SF:lib/widgets/add_category_dialog.dart
DA:6,3
DA:8,0
DA:9,0
DA:15,0
DA:17,0
DA:19,0
DA:21,0
DA:22,0
DA:25,0
DA:26,0
DA:27,0
DA:30,0
DA:31,0
DA:32,0
DA:33,0
DA:34,0
DA:45,0
DA:46,0
DA:48,0
LF:19
LH:1
end_of_record
SF:lib/pages/ongoing_task_page.dart
DA:7,3
DA:9,0
DA:11,0
DA:12,0
DA:14,0
DA:15,0
DA:18,0
DA:20,0
DA:21,0
DA:30,0
DA:31,0
DA:33,0
DA:34,0
DA:35,0
DA:36,0
DA:37,0
DA:38,0
LF:17
LH:1
end_of_record
SF:lib/pages/task_list_page.dart
DA:10,0
DA:12,0
DA:14,0
DA:15,0
DA:17,0
DA:18,0
DA:21,0
DA:23,0
DA:24,0
DA:27,0
DA:28,0
DA:33,0
DA:34,0
DA:36,0
DA:38,0
DA:39,0
DA:40,0
DA:41,0
DA:42,0
LF:19
LH:0
end_of_record
SF:lib/pages/upcoming_task_page.dart
DA:7,3
DA:9,0
DA:11,0
DA:12,0
DA:14,0
DA:15,0
DA:18,0
DA:20,0
DA:21,0
DA:30,0
DA:31,0
DA:33,0
DA:34,0
DA:35,0
DA:36,0
DA:37,0
DA:38,0
LF:17
LH:1
end_of_record
SF:lib/widgets/task_categories_header.dart
DA:3,3
DA:5,0
DA:7,0
DA:9,0
DA:14,0
DA:15,0
DA:16,0
LF:7
LH:1
end_of_record
SF:lib/widgets/task_category_card.dart
DA:9,0
DA:11,0
DA:13,0
DA:14,0
DA:15,0
DA:17,0
DA:18,0
DA:22,0
DA:24,0
DA:25,0
DA:26,0
DA:28,0
DA:30,0
DA:31,0
DA:32,0
DA:39,0
DA:40,0
LF:17
LH:0
end_of_record
